
> web@0.1.0 build
> next build

Γû▓ Next.js 16.1.1 (Turbopack)

node.exe : ΓÜá The 
"middleware" file convention 
is deprecated. Please use 
"proxy" instead. Learn more: ht
tps://nextjs.org/docs/messages/
middleware-to-proxy
At line:1 char:1
+ & "C:\Program 
Files\nodejs/node.exe" "C:\User
s\Asus\AppData\Roaming\n ...
+ ~~~~~~~~~~~~~~~~~~~~~~~~~~~~~
~~~~~~~~~~~~~~~~~~~~~~~~~~~~~~~
~~~~~~~~~
    + CategoryInfo          :  
   NotSpecified: (ΓÜá The "mi  
  ddle...leware-to-proxy:Str   
 ing) [], RemoteException
    + FullyQualifiedErrorId :  
   NativeCommandError
 
  Creating an optimized production build ...

> Build error occurred
Error: Turbopack build failed 
with 1 errors:
./src/app/dashboard/page.tsx:30
:1
Module not found: Can't 
resolve '@/lib/storage'
[0m [90m 28 |[39m 
[36mimport[39m 
[33mUserDashboard[39m 
[36mfrom[39m [32m"./UserDash
board"[39m[33m;[39m
 [90m 29 |[39m 
[36mimport[39m { useToast } 
[36mfrom[39m [32m"@/componen
ts/ui/use-toast"[39m[33m;[39
m
[31m[1m>[22m[39m[90m 30 
|[39m [36mimport[39m { db } 
[36mfrom[39m [32m"@/lib/stor
age"[39m[33m;[39m
 [90m    |[39m [31m[1m^[22
m[39m[31m[1m^[22m[39m[31m
[1m^[22m[39m[31m[1m^[22m
[39m[31m[1m^[22m[39m[31m[
1m^[22m[39m[31m[1m^[22m[3
9m[31m[1m^[22m[39m[31m[1m
^[22m[39m[31m[1m^[22m[39m
[31m[1m^[22m[39m[31m[1m^
[22m[39m[31m[1m^[22m[39m[
31m[1m^[22m[39m[31m[1m^[2
2m[39m[31m[1m^[22m[39m[31
m[1m^[22m[39m[31m[1m^[22m
[39m[31m[1m^[22m[39m[31m
[1m^[22m[39m[31m[1m^[22m[
39m[31m[1m^[22m[39m[31m[1
m^[22m[39m[31m[1m^[22m[39
m[31m[1m^[22m[39m[31m[1m^
[22m[39m[31m[1m^[22m[39m
[31m[1m^[22m[39m[31m[1m^[
22m[39m[31m[1m^[22m[39m[3
1m[1m^[22m[39m[31m[1m^[22
m[39m[31m[1m^[22m[39m[31m
[1m^[22m[39m[31m[1m^[22m
[39m
 [90m 31 |[39m 
[36mimport[39m {
 [90m 32 |[39m     
[33mSheet[39m[33m,[39m
 [90m 33 |[39m     [33mSheet
Content[39m[33m,[39m[0m

Import map: aliased to 
relative './src/lib/storage' 
inside of [project]/


Import traces:
  Client Component Browser:
    
./src/app/dashboard/page.tsx 
[Client Component Browser]
    
./src/app/dashboard/page.tsx 
[Server Component]

  Client Component SSR:
    
./src/app/dashboard/page.tsx 
[Client Component SSR]
    
./src/app/dashboard/page.tsx 
[Server Component]

https://nextjs.org/docs/message
s/module-not-found


    at <unknown> (./src/app/das
hboard/page.tsx:30:1)
    at <unknown> (https://nextj
s.org/docs/messages/module-not-
found)
